<?xml version="1.0" encoding="UTF-8"?>
<!-- Generated by org.testng.reporters.JUnitReportReporter -->
<testsuite hostname="LAPTOP-S5KHNDPK" failures="0" tests="1" name="TestCases.WindowsHomeApp" time="2.407" errors="0" timestamp="2022-04-04T02:17:54 CDT" skipped="0">
  <testcase classname="TestCases.WindowsHomeApp" name="HomePage" time="2.407"/>
</testsuite> <!-- TestCases.WindowsHomeApp -->
