<?xml version="1.0" encoding="UTF-8"?>
<!-- Generated by org.testng.reporters.JUnitReportReporter -->
<testsuite hostname="LAPTOP-S5KHNDPK" failures="0" tests="1" name="TestCases.WindowsApplication" time="30.290" errors="0" timestamp="2022-04-05T03:48:03 CDT" skipped="0">
  <testcase classname="TestCases.WindowsApplication" name="MainPage" time="30.290"/>
</testsuite> <!-- TestCases.WindowsApplication -->
